{"level":"info","message":"GET /books/10. Status: 200. Duration: 4 ms","service":"bookstore-api"}
{"level":"info","message":"GET /books/1000. Status: 404. Duration: 1 ms","service":"bookstore-api"}
{"level":"info","message":"GET /books/1000. Status: 404. Duration: 5 ms","service":"bookstore-api"}
{"level":"info","message":"POST /books. Status: 400. Duration: 4 ms","service":"bookstore-api"}
{"level":"info","message":"POST /books. Status: 500. Duration: 5 ms","service":"bookstore-api"}
{"level":"info","message":"POST /books. Status: 500. Duration: 7 ms","service":"bookstore-api"}
{"level":"info","message":"POST /books. Status: 500. Duration: 8 ms","service":"bookstore-api"}
{"level":"info","message":"POST /login. Status: 401. Duration: 4 ms","service":"bookstore-api"}
{"level":"info","message":"POST /login. Status: 401. Duration: 0 ms","service":"bookstore-api"}
{"level":"info","message":"POST /login. Status: 401. Duration: 1 ms","service":"bookstore-api"}
{"level":"info","message":"POST /login. Status: 401. Duration: 1 ms","service":"bookstore-api"}
{"level":"info","message":"POST /login. Status: 401. Duration: 1 ms","service":"bookstore-api"}
{"level":"info","message":"POST /login. Status: 200. Duration: 4 ms","service":"bookstore-api"}
{"level":"info","message":"GET /books. Status: 200. Duration: 5 ms","service":"bookstore-api"}
{"level":"info","message":"POST /books. Status: 401. Duration: 1 ms","service":"bookstore-api"}
{"level":"info","message":"POST /books. Status: 403. Duration: 1 ms","service":"bookstore-api"}
{"level":"info","message":"POST /books. Status: 500. Duration: 10 ms","service":"bookstore-api"}
{"level":"info","message":"POST /books. Status: 201. Duration: 8 ms","service":"bookstore-api"}
{"level":"info","message":"POST /books. Status: 500. Duration: 10 ms","service":"bookstore-api"}
{"level":"info","message":"POST /books. Status: 200. Duration: 45 ms","service":"bookstore-api"}
{"level":"info","message":"POST /books. Status: 200. Duration: 49 ms","service":"bookstore-api"}
{"level":"info","message":"GET /books/1000. Status: 500. Duration: 3 ms","service":"bookstore-api"}
{"level":"info","message":"GET /books. Status: 400. Duration: 1 ms","service":"bookstore-api"}
{"level":"info","message":"GET /favicon.ico. Status: 200. Duration: 0 ms","service":"bookstore-api"}
{"level":"info","message":"GET /books/1000. Status: 400. Duration: 1 ms","service":"bookstore-api"}
{"level":"info","message":"GET /books/1000. Status: 500. Duration: 10 ms","service":"bookstore-api"}
{"level":"info","message":"GET /books/1000. Status: 500. Duration: 8 ms","service":"bookstore-api"}
{"level":"info","message":"GET /books/1000. Status: 500. Duration: 3 ms","service":"bookstore-api"}
{"level":"info","message":"GET /books. Status: 200. Duration: 6 ms","service":"bookstore-api"}
{"level":"info","message":"GET /books. Status: 200. Duration: 1 ms","service":"bookstore-api"}
{"level":"info","message":"GET /books. Status: 200. Duration: 9 ms","service":"bookstore-api"}
{"level":"info","message":"GET /books. Status: 200. Duration: 8 ms","service":"bookstore-api"}
{"level":"info","message":"GET /books. Status: 200. Duration: 2 ms","service":"bookstore-api"}
{"level":"info","message":"GET /books. Status: 200. Duration: 4 ms","service":"bookstore-api"}
{"level":"info","message":"GET /books/10. Status: 200. Duration: 10 ms","service":"bookstore-api"}
{"level":"info","message":"GET /books/10. Status: 200. Duration: 4 ms","service":"bookstore-api"}
{"level":"info","message":"GET /books/10. Status: 200. Duration: 4 ms","service":"bookstore-api"}
{"level":"info","message":"GET /. Status: 200. Duration: 4 ms","service":"bookstore-api"}
{"level":"info","message":"GET /favicon.ico. Status: 200. Duration: 0 ms","service":"bookstore-api"}
{"level":"info","message":"GET /orders. Status: 200. Duration: 0 ms","service":"bookstore-api"}
{"level":"info","message":"GET /. Status: 304. Duration: 4 ms","service":"bookstore-api"}
{"level":"info","message":"GET /5c1c37f6-3ee0-4c07-9c8f-5864f74e627d/orders. Status: 200. Duration: 0 ms","service":"bookstore-api"}
{"level":"info","message":"GET /users/5c1c37f6-3ee0-4c07-9c8f-5864f74e627d/orders. Status: 200. Duration: 5 ms","service":"bookstore-api"}
{"level":"info","message":"GET /books. Status: 200. Duration: 4 ms","service":"bookstore-api"}
{"level":"info","message":"GET /favicon.ico. Status: 200. Duration: 0 ms","service":"bookstore-api"}
{"level":"info","message":"GET /user/efdd09b1-46b3-4f52-8df3-35675a5c889a/orders. Status: 200. Duration: 0 ms","service":"bookstore-api"}
{"level":"info","message":"GET /books. Status: 200. Duration: 2 ms","service":"bookstore-api"}
{"level":"info","message":"GET /users/efdd09b1-46b3-4f52-8df3-35675a5c889a/orders. Status: 200. Duration: 2 ms","service":"bookstore-api"}
{"level":"info","message":"GET /users/84c6673c-6fd6-4184-9193-6111f58c70f7/orders. Status: 200. Duration: 2 ms","service":"bookstore-api"}
{"level":"info","message":"GET /user/84c6673c-6fd6-4184-9193-6111f58c70f7/orders. Status: 200. Duration: 0 ms","service":"bookstore-api"}
{"level":"info","message":"GET /user/5c1c37f6-3ee0-4c07-9c8f-5864f74e627d/orders. Status: 200. Duration: 0 ms","service":"bookstore-api"}
{"level":"info","message":"GET /users/5c1c37f6-3ee0-4c07-9c8f-5864f74e627d/orders. Status: 200. Duration: 2 ms","service":"bookstore-api"}
{"level":"info","message":"GET /users/5c1c37f6-3ee0-4c07-9c8f-5864f74e627d/orders. Status: 200. Duration: 2 ms","service":"bookstore-api"}
{"level":"info","message":"GET /users/5c1c37f6-3ee0-4c07-9c8f-5864f74e627d/orders. Status: 200. Duration: 1 ms","service":"bookstore-api"}
{"level":"info","message":"GET /users/84c6673c-6fd6-4184-9193-6111f58c70f7/orders. Status: 200. Duration: 2 ms","service":"bookstore-api"}
{"level":"info","message":"GET /users/84c6673c-6fd6-4184-9193-6111f58c70f7/orders. Status: 200. Duration: 1 ms","service":"bookstore-api"}
{"level":"info","message":"GET /users/84c6673c-6fd6-4184-9193-6111f58c70f7/orders. Status: 200. Duration: 15 ms","service":"bookstore-api"}
{"level":"info","message":"GET /users/84c6673c-6fd6-4184-9193-6111f58c70f7/orders. Status: 200. Duration: 5 ms","service":"bookstore-api"}
{"level":"info","message":"GET /users/84c6673c-6fd6-4184-9193-6111f58c70f7/orders. Status: 200. Duration: 5 ms","service":"bookstore-api"}
{"level":"info","message":"GET /. Status: 304. Duration: 1 ms","service":"bookstore-api"}
{"level":"info","message":"GET /favicon.ico. Status: 200. Duration: 0 ms","service":"bookstore-api"}
{"level":"info","message":"GET /users/84c6673c-6fd6-4184-9193-6111f58c70f7/orders. Status: 200. Duration: 3 ms","service":"bookstore-api"}
{"level":"info","message":"POST /books. Status: 500. Duration: 11 ms","service":"bookstore-api"}
{"level":"info","message":"POST /login. Status: 200. Duration: 3 ms","service":"bookstore-api"}
{"level":"info","message":"POST /books. Status: 200. Duration: 2 ms","service":"bookstore-api"}
{"level":"info","message":"POST /books. Status: 200. Duration: 1 ms","service":"bookstore-api"}
{"level":"info","message":"POST /books. Status: 500. Duration: 3 ms","service":"bookstore-api"}
{"level":"info","message":"POST /login. Status: 200. Duration: 1 ms","service":"bookstore-api"}
{"level":"info","message":"POST /books. Status: 500. Duration: 4 ms","service":"bookstore-api"}
{"level":"info","message":"POST /books. Status: 200. Duration: 2 ms","service":"bookstore-api"}
{"level":"info","message":"POST /books. Status: 200. Duration: 0 ms","service":"bookstore-api"}
{"level":"info","message":"POST /books. Status: 403. Duration: 4 ms","service":"bookstore-api"}
{"level":"info","message":"POST /login. Status: 200. Duration: 3 ms","service":"bookstore-api"}
{"level":"info","message":"POST /books. Status: 403. Duration: 1 ms","service":"bookstore-api"}
{"level":"info","message":"POST /books. Status: 201. Duration: 7 ms","service":"bookstore-api"}
{"level":"info","message":"GET /books. Status: 200. Duration: 6 ms","service":"bookstore-api"}
{"level":"info","message":"DELETE /books/174e7b18-12f1-42d2-b724-6691cb085903. Status: 401. Duration: 2 ms","service":"bookstore-api"}
{"level":"info","message":"DELETE /books/174e7b18-12f1-42d2-b724-6691cb085903. Status: 200. Duration: 6 ms","service":"bookstore-api"}
